<?xml version="1.0" encoding="UTF-8"?>
<testng-results skipped="0" failed="0" ignored="0" total="1" passed="1">
  <reporter-output>
  </reporter-output>
  <suite name="Suite" duration-ms="69" started-at="2019-09-01T15:52:34Z" finished-at="2019-09-01T15:52:34Z">
    <groups>
    </groups>
    <test name="Test" duration-ms="69" started-at="2019-09-01T15:52:34Z" finished-at="2019-09-01T15:52:34Z">
      <class name="DemoPackage.Demo1">
        <test-method status="PASS" signature="displayName()[pri:0, instance:DemoPackage.Demo1@5cc7c2a6]" name="displayName" duration-ms="21" started-at="2019-09-01T21:22:34Z" finished-at="2019-09-01T21:22:34Z">
          <reporter-output>
          </reporter-output>
        </test-method> <!-- displayName -->
      </class> <!-- DemoPackage.Demo1 -->
    </test> <!-- Test -->
  </suite> <!-- Suite -->
</testng-results>
